{"/Users/oscar.castaneda/Documents/learnFastify/src/app.js": {"path":"/Users/oscar.castaneda/Documents/learnFastify/src/app.js","statementMap":{"0":{"start":{"line":2,"column":16},"end":{"line":2,"column":52}},"1":{"start":{"line":3,"column":18},"end":{"line":3,"column":42}},"2":{"start":{"line":4,"column":17},"end":{"line":4,"column":46}},"3":{"start":{"line":5,"column":16},"end":{"line":5,"column":44}},"4":{"start":{"line":6,"column":13},"end":{"line":6,"column":38}},"5":{"start":{"line":7,"column":17},"end":{"line":7,"column":36}},"6":{"start":{"line":9,"column":0},"end":{"line":9,"column":27}},"7":{"start":{"line":10,"column":0},"end":{"line":10,"column":26}},"8":{"start":{"line":11,"column":0},"end":{"line":11,"column":22}},"9":{"start":{"line":12,"column":0},"end":{"line":12,"column":25}},"10":{"start":{"line":15,"column":0},"end":{"line":15,"column":44}},"11":{"start":{"line":18,"column":14},"end":{"line":29,"column":1}},"12":{"start":{"line":19,"column":2},"end":{"line":28,"column":3}},"13":{"start":{"line":20,"column":4},"end":{"line":20,"column":26}},"14":{"start":{"line":22,"column":4},"end":{"line":22,"column":67}},"15":{"start":{"line":23,"column":4},"end":{"line":23,"column":18}},"16":{"start":{"line":25,"column":4},"end":{"line":25,"column":27}},"17":{"start":{"line":27,"column":4},"end":{"line":27,"column":14}},"18":{"start":{"line":31,"column":0},"end":{"line":34,"column":1}}},"fnMap":{"0":{"name":"(anonymous_0)","decl":{"start":{"line":18,"column":14},"end":{"line":18,"column":15}},"loc":{"start":{"line":18,"column":26},"end":{"line":29,"column":1}},"line":18}},"branchMap":{},"s":{"0":1,"1":1,"2":1,"3":1,"4":1,"5":1,"6":1,"7":1,"8":1,"9":1,"10":1,"11":1,"12":2,"13":2,"14":2,"15":1,"16":1,"17":1,"18":1},"f":{"0":2},"b":{},"_coverageSchema":"1a1c01bbd47fc00a2c39e90264f33305004495a9","hash":"0e54c37d50e632a53f5eaa4251c594d5514dbd1c"}
,"/Users/oscar.castaneda/Documents/learnFastify/src/plugins/cors.js": {"path":"/Users/oscar.castaneda/Documents/learnFastify/src/plugins/cors.js","statementMap":{"0":{"start":{"line":1,"column":22},"end":{"line":1,"column":47}},"1":{"start":{"line":2,"column":20},"end":{"line":2,"column":43}},"2":{"start":{"line":4,"column":13},"end":{"line":10,"column":1}},"3":{"start":{"line":5,"column":17},"end":{"line":7,"column":5}},"4":{"start":{"line":9,"column":4},"end":{"line":9,"column":39}},"5":{"start":{"line":12,"column":0},"end":{"line":12,"column":37}}},"fnMap":{"0":{"name":"(anonymous_0)","decl":{"start":{"line":4,"column":13},"end":{"line":4,"column":14}},"loc":{"start":{"line":4,"column":32},"end":{"line":10,"column":1}},"line":4}},"branchMap":{},"s":{"0":1,"1":1,"2":1,"3":1,"4":1,"5":1},"f":{"0":1},"b":{},"_coverageSchema":"1a1c01bbd47fc00a2c39e90264f33305004495a9","hash":"963fb32f16d913e3e5d5c6be4de94b67c9db80ea"}
,"/Users/oscar.castaneda/Documents/learnFastify/src/plugins/env.js": {"path":"/Users/oscar.castaneda/Documents/learnFastify/src/plugins/env.js","statementMap":{"0":{"start":{"line":1,"column":22},"end":{"line":1,"column":47}},"1":{"start":{"line":2,"column":19},"end":{"line":2,"column":41}},"2":{"start":{"line":4,"column":16},"end":{"line":43,"column":1}},"3":{"start":{"line":5,"column":19},"end":{"line":33,"column":5}},"4":{"start":{"line":35,"column":23},"end":{"line":40,"column":5}},"5":{"start":{"line":42,"column":4},"end":{"line":42,"column":44}},"6":{"start":{"line":45,"column":0},"end":{"line":45,"column":40}}},"fnMap":{"0":{"name":"(anonymous_0)","decl":{"start":{"line":4,"column":16},"end":{"line":4,"column":17}},"loc":{"start":{"line":4,"column":33},"end":{"line":43,"column":1}},"line":4}},"branchMap":{},"s":{"0":1,"1":1,"2":1,"3":1,"4":1,"5":1,"6":1},"f":{"0":1},"b":{},"_coverageSchema":"1a1c01bbd47fc00a2c39e90264f33305004495a9","hash":"ca83b9fbf8a19397b6ca96799ad2b80ea80e9e91"}
,"/Users/oscar.castaneda/Documents/learnFastify/src/plugins/postgres.js": {"path":"/Users/oscar.castaneda/Documents/learnFastify/src/plugins/postgres.js","statementMap":{"0":{"start":{"line":1,"column":22},"end":{"line":1,"column":47}},"1":{"start":{"line":2,"column":24},"end":{"line":2,"column":51}},"2":{"start":{"line":4,"column":17},"end":{"line":17,"column":1}},"3":{"start":{"line":5,"column":23},"end":{"line":5,"column":30}},"4":{"start":{"line":12,"column":9},"end":{"line":12,"column":15}},"5":{"start":{"line":13,"column":17},"end":{"line":15,"column":5}},"6":{"start":{"line":16,"column":4},"end":{"line":16,"column":43}},"7":{"start":{"line":19,"column":0},"end":{"line":19,"column":41}}},"fnMap":{"0":{"name":"(anonymous_0)","decl":{"start":{"line":4,"column":17},"end":{"line":4,"column":18}},"loc":{"start":{"line":4,"column":36},"end":{"line":17,"column":1}},"line":4}},"branchMap":{},"s":{"0":1,"1":1,"2":1,"3":1,"4":1,"5":1,"6":1,"7":1},"f":{"0":1},"b":{},"_coverageSchema":"1a1c01bbd47fc00a2c39e90264f33305004495a9","hash":"7b7e5c4bd275f573ab81384a447ef0532544827f"}
,"/Users/oscar.castaneda/Documents/learnFastify/src/plugins/swagger.js": {"path":"/Users/oscar.castaneda/Documents/learnFastify/src/plugins/swagger.js","statementMap":{"0":{"start":{"line":1,"column":22},"end":{"line":1,"column":47}},"1":{"start":{"line":2,"column":23},"end":{"line":2,"column":49}},"2":{"start":{"line":4,"column":16},"end":{"line":26,"column":1}},"3":{"start":{"line":5,"column":23},"end":{"line":5,"column":30}},"4":{"start":{"line":6,"column":17},"end":{"line":23,"column":5}},"5":{"start":{"line":25,"column":4},"end":{"line":25,"column":42}},"6":{"start":{"line":28,"column":0},"end":{"line":28,"column":40}}},"fnMap":{"0":{"name":"(anonymous_0)","decl":{"start":{"line":4,"column":16},"end":{"line":4,"column":17}},"loc":{"start":{"line":4,"column":35},"end":{"line":26,"column":1}},"line":4}},"branchMap":{},"s":{"0":1,"1":1,"2":1,"3":1,"4":1,"5":1,"6":1},"f":{"0":1},"b":{},"_coverageSchema":"1a1c01bbd47fc00a2c39e90264f33305004495a9","hash":"d749b2cb5335954834ac7a1cd64cb016a2a4f65f"}
,"/Users/oscar.castaneda/Documents/learnFastify/src/routes/index.js": {"path":"/Users/oscar.castaneda/Documents/learnFastify/src/routes/index.js","statementMap":{"0":{"start":{"line":1,"column":22},"end":{"line":1,"column":43}},"1":{"start":{"line":2,"column":113},"end":{"line":2,"column":138}},"2":{"start":{"line":4,"column":0},"end":{"line":74,"column":1}},"3":{"start":{"line":5,"column":23},"end":{"line":14,"column":5}},"4":{"start":{"line":6,"column":24},"end":{"line":6,"column":26}},"5":{"start":{"line":8,"column":8},"end":{"line":8,"column":37}},"6":{"start":{"line":9,"column":8},"end":{"line":9,"column":39}},"7":{"start":{"line":10,"column":8},"end":{"line":10,"column":33}},"8":{"start":{"line":12,"column":8},"end":{"line":12,"column":23}},"9":{"start":{"line":17,"column":4},"end":{"line":21,"column":6}},"10":{"start":{"line":18,"column":24},"end":{"line":18,"column":36}},"11":{"start":{"line":19,"column":22},"end":{"line":19,"column":57}},"12":{"start":{"line":20,"column":8},"end":{"line":20,"column":24}},"13":{"start":{"line":23,"column":4},"end":{"line":27,"column":6}},"14":{"start":{"line":24,"column":24},"end":{"line":24,"column":36}},"15":{"start":{"line":25,"column":24},"end":{"line":25,"column":70}},"16":{"start":{"line":26,"column":8},"end":{"line":26,"column":87}},"17":{"start":{"line":29,"column":4},"end":{"line":38,"column":6}},"18":{"start":{"line":30,"column":24},"end":{"line":30,"column":36}},"19":{"start":{"line":31,"column":27},"end":{"line":31,"column":34}},"20":{"start":{"line":32,"column":25},"end":{"line":32,"column":71}},"21":{"start":{"line":34,"column":8},"end":{"line":36,"column":21}},"22":{"start":{"line":40,"column":4},"end":{"line":48,"column":6}},"23":{"start":{"line":41,"column":24},"end":{"line":41,"column":36}},"24":{"start":{"line":42,"column":33},"end":{"line":42,"column":40}},"25":{"start":{"line":43,"column":21},"end":{"line":43,"column":76}},"26":{"start":{"line":44,"column":8},"end":{"line":46,"column":17}},"27":{"start":{"line":50,"column":4},"end":{"line":57,"column":6}},"28":{"start":{"line":51,"column":24},"end":{"line":51,"column":36}},"29":{"start":{"line":52,"column":27},"end":{"line":52,"column":34}},"30":{"start":{"line":53,"column":21},"end":{"line":53,"column":70}},"31":{"start":{"line":54,"column":8},"end":{"line":56,"column":17}},"32":{"start":{"line":59,"column":4},"end":{"line":69,"column":6}},"33":{"start":{"line":60,"column":24},"end":{"line":60,"column":36}},"34":{"start":{"line":61,"column":33},"end":{"line":61,"column":40}},"35":{"start":{"line":62,"column":8},"end":{"line":64,"column":9}},"36":{"start":{"line":63,"column":12},"end":{"line":63,"column":93}},"37":{"start":{"line":65,"column":21},"end":{"line":65,"column":75}},"38":{"start":{"line":66,"column":8},"end":{"line":68,"column":17}},"39":{"start":{"line":73,"column":4},"end":{"line":73,"column":11}}},"fnMap":{"0":{"name":"(anonymous_0)","decl":{"start":{"line":4,"column":17},"end":{"line":4,"column":18}},"loc":{"start":{"line":4,"column":42},"end":{"line":74,"column":1}},"line":4},"1":{"name":"(anonymous_1)","decl":{"start":{"line":5,"column":23},"end":{"line":5,"column":24}},"loc":{"start":{"line":5,"column":29},"end":{"line":14,"column":5}},"line":5},"2":{"name":"(anonymous_2)","decl":{"start":{"line":17,"column":41},"end":{"line":17,"column":42}},"loc":{"start":{"line":17,"column":67},"end":{"line":21,"column":5}},"line":17},"3":{"name":"(anonymous_3)","decl":{"start":{"line":23,"column":45},"end":{"line":23,"column":46}},"loc":{"start":{"line":23,"column":71},"end":{"line":27,"column":5}},"line":23},"4":{"name":"(anonymous_4)","decl":{"start":{"line":29,"column":49},"end":{"line":29,"column":50}},"loc":{"start":{"line":29,"column":75},"end":{"line":38,"column":5}},"line":29},"5":{"name":"(anonymous_5)","decl":{"start":{"line":40,"column":44},"end":{"line":40,"column":45}},"loc":{"start":{"line":40,"column":70},"end":{"line":48,"column":5}},"line":40},"6":{"name":"(anonymous_6)","decl":{"start":{"line":50,"column":50},"end":{"line":50,"column":51}},"loc":{"start":{"line":50,"column":76},"end":{"line":57,"column":5}},"line":50},"7":{"name":"(anonymous_7)","decl":{"start":{"line":59,"column":48},"end":{"line":59,"column":49}},"loc":{"start":{"line":59,"column":74},"end":{"line":69,"column":5}},"line":59}},"branchMap":{"0":{"loc":{"start":{"line":34,"column":15},"end":{"line":36,"column":20}},"type":"cond-expr","locations":[{"start":{"line":35,"column":12},"end":{"line":35,"column":80}},{"start":{"line":36,"column":12},"end":{"line":36,"column":20}}],"line":34},"1":{"loc":{"start":{"line":44,"column":15},"end":{"line":46,"column":16}},"type":"cond-expr","locations":[{"start":{"line":45,"column":12},"end":{"line":45,"column":80}},{"start":{"line":46,"column":12},"end":{"line":46,"column":16}}],"line":44},"2":{"loc":{"start":{"line":54,"column":15},"end":{"line":56,"column":16}},"type":"cond-expr","locations":[{"start":{"line":55,"column":12},"end":{"line":55,"column":80}},{"start":{"line":56,"column":12},"end":{"line":56,"column":16}}],"line":54},"3":{"loc":{"start":{"line":62,"column":8},"end":{"line":64,"column":9}},"type":"if","locations":[{"start":{"line":62,"column":8},"end":{"line":64,"column":9}},{"start":{},"end":{}}],"line":62},"4":{"loc":{"start":{"line":66,"column":15},"end":{"line":68,"column":16}},"type":"cond-expr","locations":[{"start":{"line":67,"column":12},"end":{"line":67,"column":80}},{"start":{"line":68,"column":12},"end":{"line":68,"column":16}}],"line":66}},"s":{"0":1,"1":1,"2":1,"3":1,"4":11,"5":11,"6":11,"7":11,"8":11,"9":1,"10":1,"11":1,"12":1,"13":1,"14":1,"15":1,"16":1,"17":1,"18":2,"19":2,"20":2,"21":2,"22":1,"23":2,"24":2,"25":2,"26":2,"27":1,"28":2,"29":2,"30":2,"31":2,"32":1,"33":3,"34":3,"35":3,"36":1,"37":2,"38":2,"39":1},"f":{"0":1,"1":11,"2":1,"3":1,"4":2,"5":2,"6":2,"7":3},"b":{"0":[1,1],"1":[1,1],"2":[1,1],"3":[1,2],"4":[1,1]},"_coverageSchema":"1a1c01bbd47fc00a2c39e90264f33305004495a9","hash":"9a373b44233607f9d36b22dea2237e2ce722dc40"}
,"/Users/oscar.castaneda/Documents/learnFastify/src/routes/handlers/index.js": {"path":"/Users/oscar.castaneda/Documents/learnFastify/src/routes/handlers/index.js","statementMap":{"0":{"start":{"line":1,"column":20},"end":{"line":1,"column":38}},"1":{"start":{"line":3,"column":0},"end":{"line":5,"column":1}}},"fnMap":{},"branchMap":{},"s":{"0":2,"1":2},"f":{},"b":{},"_coverageSchema":"1a1c01bbd47fc00a2c39e90264f33305004495a9","hash":"ad260517b2aed8eb5dea90cc35511fe04f9db68e"}
,"/Users/oscar.castaneda/Documents/learnFastify/src/routes/handlers/users.js": {"path":"/Users/oscar.castaneda/Documents/learnFastify/src/routes/handlers/users.js","statementMap":{"0":{"start":{"line":1,"column":17},"end":{"line":9,"column":1}},"1":{"start":{"line":2,"column":25},"end":{"line":2,"column":32}},"2":{"start":{"line":3,"column":19},"end":{"line":3,"column":43}},"3":{"start":{"line":4,"column":27},"end":{"line":6,"column":5}},"4":{"start":{"line":7,"column":4},"end":{"line":7,"column":26}},"5":{"start":{"line":8,"column":4},"end":{"line":8,"column":17}},"6":{"start":{"line":11,"column":20},"end":{"line":23,"column":1}},"7":{"start":{"line":12,"column":30},"end":{"line":12,"column":37}},"8":{"start":{"line":13,"column":21},"end":{"line":13,"column":28}},"9":{"start":{"line":14,"column":19},"end":{"line":14,"column":43}},"10":{"start":{"line":15,"column":31},"end":{"line":18,"column":7}},"11":{"start":{"line":19,"column":4},"end":{"line":19,"column":26}},"12":{"start":{"line":20,"column":4},"end":{"line":20,"column":21}},"13":{"start":{"line":22,"column":4},"end":{"line":22,"column":19}},"14":{"start":{"line":25,"column":20},"end":{"line":36,"column":1}},"15":{"start":{"line":26,"column":25},"end":{"line":26,"column":32}},"16":{"start":{"line":27,"column":19},"end":{"line":27,"column":43}},"17":{"start":{"line":28,"column":22},"end":{"line":31,"column":6}},"18":{"start":{"line":32,"column":19},"end":{"line":32,"column":23}},"19":{"start":{"line":33,"column":4},"end":{"line":33,"column":26}},"20":{"start":{"line":34,"column":4},"end":{"line":34,"column":16}},"21":{"start":{"line":38,"column":23},"end":{"line":49,"column":1}},"22":{"start":{"line":39,"column":30},"end":{"line":39,"column":37}},"23":{"start":{"line":40,"column":19},"end":{"line":40,"column":43}},"24":{"start":{"line":41,"column":19},"end":{"line":44,"column":6}},"25":{"start":{"line":45,"column":19},"end":{"line":45,"column":23}},"26":{"start":{"line":46,"column":4},"end":{"line":46,"column":26}},"27":{"start":{"line":47,"column":4},"end":{"line":47,"column":16}},"28":{"start":{"line":51,"column":22},"end":{"line":75,"column":1}},"29":{"start":{"line":52,"column":25},"end":{"line":52,"column":32}},"30":{"start":{"line":53,"column":19},"end":{"line":53,"column":43}},"31":{"start":{"line":54,"column":19},"end":{"line":54,"column":21}},"32":{"start":{"line":55,"column":28},"end":{"line":55,"column":30}},"33":{"start":{"line":56,"column":19},"end":{"line":56,"column":21}},"34":{"start":{"line":57,"column":4},"end":{"line":57,"column":38}},"35":{"start":{"line":58,"column":4},"end":{"line":63,"column":6}},"36":{"start":{"line":59,"column":34},"end":{"line":59,"column":42}},"37":{"start":{"line":60,"column":35},"end":{"line":60,"column":43}},"38":{"start":{"line":61,"column":8},"end":{"line":61,"column":65}},"39":{"start":{"line":62,"column":8},"end":{"line":62,"column":40}},"40":{"start":{"line":64,"column":4},"end":{"line":64,"column":45}},"41":{"start":{"line":65,"column":4},"end":{"line":65,"column":75}},"42":{"start":{"line":66,"column":4},"end":{"line":66,"column":34}},"43":{"start":{"line":67,"column":4},"end":{"line":67,"column":27}},"44":{"start":{"line":68,"column":19},"end":{"line":71,"column":6}},"45":{"start":{"line":72,"column":19},"end":{"line":72,"column":23}},"46":{"start":{"line":73,"column":4},"end":{"line":73,"column":26}},"47":{"start":{"line":74,"column":4},"end":{"line":74,"column":16}},"48":{"start":{"line":77,"column":23},"end":{"line":88,"column":1}},"49":{"start":{"line":78,"column":30},"end":{"line":78,"column":37}},"50":{"start":{"line":79,"column":19},"end":{"line":79,"column":43}},"51":{"start":{"line":80,"column":19},"end":{"line":83,"column":6}},"52":{"start":{"line":84,"column":19},"end":{"line":84,"column":23}},"53":{"start":{"line":85,"column":4},"end":{"line":85,"column":26}},"54":{"start":{"line":86,"column":4},"end":{"line":86,"column":16}},"55":{"start":{"line":90,"column":0},"end":{"line":97,"column":1}}},"fnMap":{"0":{"name":"(anonymous_0)","decl":{"start":{"line":1,"column":17},"end":{"line":1,"column":18}},"loc":{"start":{"line":1,"column":36},"end":{"line":9,"column":1}},"line":1},"1":{"name":"(anonymous_1)","decl":{"start":{"line":11,"column":20},"end":{"line":11,"column":21}},"loc":{"start":{"line":11,"column":48},"end":{"line":23,"column":1}},"line":11},"2":{"name":"(anonymous_2)","decl":{"start":{"line":25,"column":20},"end":{"line":25,"column":21}},"loc":{"start":{"line":25,"column":47},"end":{"line":36,"column":1}},"line":25},"3":{"name":"(anonymous_3)","decl":{"start":{"line":38,"column":23},"end":{"line":38,"column":24}},"loc":{"start":{"line":38,"column":56},"end":{"line":49,"column":1}},"line":38},"4":{"name":"(anonymous_4)","decl":{"start":{"line":51,"column":22},"end":{"line":51,"column":23}},"loc":{"start":{"line":51,"column":55},"end":{"line":75,"column":1}},"line":51},"5":{"name":"(anonymous_5)","decl":{"start":{"line":58,"column":33},"end":{"line":58,"column":34}},"loc":{"start":{"line":58,"column":51},"end":{"line":63,"column":5}},"line":58},"6":{"name":"(anonymous_6)","decl":{"start":{"line":77,"column":23},"end":{"line":77,"column":24}},"loc":{"start":{"line":77,"column":50},"end":{"line":88,"column":1}},"line":77}},"branchMap":{},"s":{"0":2,"1":2,"2":2,"3":2,"4":2,"5":2,"6":2,"7":2,"8":2,"9":2,"10":2,"11":2,"12":2,"13":2,"14":2,"15":3,"16":3,"17":3,"18":3,"19":3,"20":3,"21":2,"22":3,"23":3,"24":3,"25":3,"26":3,"27":3,"28":2,"29":3,"30":3,"31":3,"32":3,"33":3,"34":3,"35":3,"36":4,"37":4,"38":4,"39":4,"40":3,"41":3,"42":3,"43":3,"44":3,"45":3,"46":3,"47":3,"48":2,"49":3,"50":3,"51":3,"52":3,"53":3,"54":3,"55":2},"f":{"0":2,"1":2,"2":3,"3":3,"4":3,"5":4,"6":3},"b":{},"_coverageSchema":"1a1c01bbd47fc00a2c39e90264f33305004495a9","hash":"ddb89e3994c6528d510e2194739f6828f5d8728e"}
,"/Users/oscar.castaneda/Documents/learnFastify/src/routes/schemas/user.js": {"path":"/Users/oscar.castaneda/Documents/learnFastify/src/routes/schemas/user.js","statementMap":{"0":{"start":{"line":1,"column":23},"end":{"line":34,"column":1}},"1":{"start":{"line":35,"column":26},"end":{"line":69,"column":1}},"2":{"start":{"line":70,"column":26},"end":{"line":118,"column":1}},"3":{"start":{"line":119,"column":22},"end":{"line":177,"column":1}},"4":{"start":{"line":178,"column":24},"end":{"line":236,"column":1}},"5":{"start":{"line":237,"column":25},"end":{"line":281,"column":1}},"6":{"start":{"line":283,"column":0},"end":{"line":290,"column":2}}},"fnMap":{},"branchMap":{},"s":{"0":1,"1":1,"2":1,"3":1,"4":1,"5":1,"6":1},"f":{},"b":{},"_coverageSchema":"1a1c01bbd47fc00a2c39e90264f33305004495a9","hash":"d042f87b7f8dd92df9ea3fa3b229218eedac26ab"}
}
