TN:
SF:src/app.js
FN:18,(anonymous_0)
FNF:1
FNH:1
FNDA:2,(anonymous_0)
DA:2,1
DA:3,1
DA:4,1
DA:5,1
DA:6,1
DA:7,1
DA:9,1
DA:10,1
DA:11,1
DA:12,1
DA:15,1
DA:18,1
DA:19,2
DA:20,2
DA:22,2
DA:23,1
DA:25,1
DA:27,1
DA:31,1
LF:19
LH:19
BRF:0
BRH:0
end_of_record
TN:
SF:src/plugins/cors.js
FN:4,(anonymous_0)
FNF:1
FNH:1
FNDA:1,(anonymous_0)
DA:1,1
DA:2,1
DA:4,1
DA:5,1
DA:9,1
DA:12,1
LF:6
LH:6
BRF:0
BRH:0
end_of_record
TN:
SF:src/plugins/env.js
FN:4,(anonymous_0)
FNF:1
FNH:1
FNDA:1,(anonymous_0)
DA:1,1
DA:2,1
DA:4,1
DA:5,1
DA:35,1
DA:42,1
DA:45,1
LF:7
LH:7
BRF:0
BRH:0
end_of_record
TN:
SF:src/plugins/postgres.js
FN:4,(anonymous_0)
FNF:1
FNH:1
FNDA:1,(anonymous_0)
DA:1,1
DA:2,1
DA:4,1
DA:5,1
DA:12,1
DA:13,1
DA:16,1
DA:19,1
LF:8
LH:8
BRF:0
BRH:0
end_of_record
TN:
SF:src/plugins/swagger.js
FN:4,(anonymous_0)
FNF:1
FNH:1
FNDA:1,(anonymous_0)
DA:1,1
DA:2,1
DA:4,1
DA:5,1
DA:6,1
DA:25,1
DA:28,1
LF:7
LH:7
BRF:0
BRH:0
end_of_record
TN:
SF:src/routes/index.js
FN:4,(anonymous_0)
FN:5,(anonymous_1)
FN:17,(anonymous_2)
FN:23,(anonymous_3)
FN:29,(anonymous_4)
FN:40,(anonymous_5)
FN:50,(anonymous_6)
FN:59,(anonymous_7)
FNF:8
FNH:8
FNDA:1,(anonymous_0)
FNDA:11,(anonymous_1)
FNDA:1,(anonymous_2)
FNDA:1,(anonymous_3)
FNDA:2,(anonymous_4)
FNDA:2,(anonymous_5)
FNDA:2,(anonymous_6)
FNDA:3,(anonymous_7)
DA:1,1
DA:2,1
DA:4,1
DA:5,1
DA:6,11
DA:8,11
DA:9,11
DA:10,11
DA:12,11
DA:17,1
DA:18,1
DA:19,1
DA:20,1
DA:23,1
DA:24,1
DA:25,1
DA:26,1
DA:29,1
DA:30,2
DA:31,2
DA:32,2
DA:34,2
DA:40,1
DA:41,2
DA:42,2
DA:43,2
DA:44,2
DA:50,1
DA:51,2
DA:52,2
DA:53,2
DA:54,2
DA:59,1
DA:60,3
DA:61,3
DA:62,3
DA:63,1
DA:65,2
DA:66,2
DA:73,1
LF:40
LH:40
BRDA:34,0,0,1
BRDA:34,0,1,1
BRDA:44,1,0,1
BRDA:44,1,1,1
BRDA:54,2,0,1
BRDA:54,2,1,1
BRDA:62,3,0,1
BRDA:62,3,1,2
BRDA:66,4,0,1
BRDA:66,4,1,1
BRF:10
BRH:10
end_of_record
TN:
SF:src/routes/handlers/index.js
FNF:0
FNH:0
DA:1,2
DA:3,2
LF:2
LH:2
BRF:0
BRH:0
end_of_record
TN:
SF:src/routes/handlers/users.js
FN:1,(anonymous_0)
FN:11,(anonymous_1)
FN:25,(anonymous_2)
FN:38,(anonymous_3)
FN:51,(anonymous_4)
FN:58,(anonymous_5)
FN:77,(anonymous_6)
FNF:7
FNH:7
FNDA:2,(anonymous_0)
FNDA:2,(anonymous_1)
FNDA:3,(anonymous_2)
FNDA:3,(anonymous_3)
FNDA:3,(anonymous_4)
FNDA:4,(anonymous_5)
FNDA:3,(anonymous_6)
DA:1,2
DA:2,2
DA:3,2
DA:4,2
DA:7,2
DA:8,2
DA:11,2
DA:12,2
DA:13,2
DA:14,2
DA:15,2
DA:19,2
DA:20,2
DA:22,2
DA:25,2
DA:26,3
DA:27,3
DA:28,3
DA:32,3
DA:33,3
DA:34,3
DA:38,2
DA:39,3
DA:40,3
DA:41,3
DA:45,3
DA:46,3
DA:47,3
DA:51,2
DA:52,3
DA:53,3
DA:54,3
DA:55,3
DA:56,3
DA:57,3
DA:58,3
DA:59,4
DA:60,4
DA:61,4
DA:62,4
DA:64,3
DA:65,3
DA:66,3
DA:67,3
DA:68,3
DA:72,3
DA:73,3
DA:74,3
DA:77,2
DA:78,3
DA:79,3
DA:80,3
DA:84,3
DA:85,3
DA:86,3
DA:90,2
LF:56
LH:56
BRF:0
BRH:0
end_of_record
TN:
SF:src/routes/schemas/user.js
FNF:0
FNH:0
DA:1,1
DA:35,1
DA:70,1
DA:119,1
DA:178,1
DA:237,1
DA:283,1
LF:7
LH:7
BRF:0
BRH:0
end_of_record
